2023-10-19 02:27:19.853206 - INFO - /media/cd2/manhua/万界独尊 (2021)/Season 2/万界独尊 - S02E110 - 第110集 2160p WEB-DL .mp4 创建软链完成
2023-10-19 02:27:19.853722 - INFO - /media/cd2/manhua/万界独尊 (2021)/Season 2/万界独尊 - S02E112 - 第112集 1080p WEB-DL .mp4 创建软链完成
2023-10-19 02:27:19.854114 - INFO - /media/cd2/manhua/万界独尊 (2021)/Season 2/万界独尊 - S02E121 - 第121集 1080p WEB-DL .mp4 创建软链完成
2023-10-19 02:27:19.854181 - INFO - /media/cd2/manhua/万界独尊 (2021)/Season 2/万界独尊 - S02E121 - 第121集 2160p WEB-DL .mp4 创建软链完成
2023-10-19 02:27:20.106565 - INFO - /media/cd2/manhua/五行战神 (2023)/Season 1/五行战神 - S01E34 - 第34集 1080p WEB-DL .mp4 创建软链完成
2023-10-19 02:27:20.106610 - INFO - /media/cd2/manhua/五行战神 (2023)/Season 1/五行战神 - S01E33 - 第33集 1080p WEB-DL .mp4 创建软链完成
2023-10-19 02:27:20.343123 - INFO - /media/cd2/manhua/修罗武神 (2023)/Season 1/修罗武神 - S01E03 - 第3集 1080p WEB-DL .mp4 创建软链完成
2023-10-19 02:27:20.599232 - INFO - /media/cd2/manhua/剑骨 (2023)/Season 1/剑骨 - S01E34 - 第34集 1080p WEB-DL .mp4 创建软链完成
2023-10-19 02:27:20.850894 - INFO - /media/cd2/manhua/大主宰年番 (2023)/Season 1/大主宰年番 - S01E16 - 第16集 1080p WEB-DL .mp4 创建软链完成
2023-10-19 02:27:20.851181 - INFO - /media/cd2/manhua/大主宰年番 (2023)/Season 1/大主宰年番 - S01E16 - 第16集 2160p WEB-DL .mp4 创建软链完成
2023-10-19 02:27:21.098147 - INFO - /media/cd2/manhua/异空战歌 (2023)/Season 1/异空战歌 - S01E07 - 第7集 2160p H.264 .mp4 创建软链完成
2023-10-19 02:27:21.343369 - INFO - /media/cd2/manhua/怪兽小馆 (2023)/Season 1/怪兽小馆 - S01E12 - 第12集 2160p H.264 .mp4 创建软链完成
2023-10-19 02:27:26.800940 - INFO - /media/cd2/manhua/斗罗大陆2：绝世唐门 (2023)/Season 2/斗罗大陆2：绝世唐门 - S02E17 - 第17集 1080p WEB-DL .mp4 创建软链完成
2023-10-19 02:27:26.801106 - INFO - /media/cd2/manhua/斗罗大陆2：绝世唐门 (2023)/Season 2/斗罗大陆2：绝世唐门 - S02E17 - 第17集 2160p WEB-DL .mp4 创建软链完成
2023-10-19 02:27:27.066278 - INFO - /media/cd2/manhua/无脑魔女 (2023)/Season 1/无脑魔女 - S01E13 - 第13集 2160p H.264 .mp4 创建软链完成
2023-10-19 02:27:27.066576 - INFO - /media/cd2/manhua/无脑魔女 (2023)/Season 1/无脑魔女 - S01E14 - 第14集 1080p WEB-DL .mkv 创建软链完成
2023-10-19 02:27:27.066820 - INFO - /media/cd2/manhua/无脑魔女 (2023)/Season 1/无脑魔女 - S01E15 - 第15集 1080p WEB-DL .mkv 创建软链完成
2023-10-19 02:27:27.323156 - INFO - /media/cd2/manhua/杀手古德 (2023)/Season 1/杀手古德 - S01E20 - 第20集.mp4 创建软链完成
2023-10-19 02:27:27.593378 - INFO - /media/cd2/manhua/武神主宰 (2020)/Season 1/武神主宰 - S01E372 - 第372集 1080p WEB-DL .mp4 创建软链完成
2023-10-19 02:27:27.593620 - INFO - /media/cd2/manhua/武神主宰 (2020)/Season 1/武神主宰 - S01E373 - 第373集 1080p WEB-DL .mp4 创建软链完成
2023-10-19 02:27:27.841211 - INFO - /media/cd2/manhua/沧元图 (2023)/Season 1/沧元图 - S01E16 - 第16集.mp4 创建软链完成
2023-10-19 02:27:28.099725 - INFO - /media/cd2/manhua/炼气十万年 (2023)/Season 1/炼气十万年 - S01E69 - 第69集 1080p WEB-DL .mp4 创建软链完成
2023-10-19 02:27:28.357445 - INFO - /media/cd2/manhua/独步逍遥 (2020)/Season 1/独步逍遥 - S01E351 - 第351集.mp4 创建软链完成
2023-10-19 02:27:28.357566 - INFO - /media/cd2/manhua/独步逍遥 (2020)/Season 1/独步逍遥 - S01E352 - 第352集 1080p WEB-DL .mp4 创建软链完成
2023-10-19 02:27:28.614609 - INFO - /media/cd2/manhua/王者大师兄 (2023)/Season 1/王者大师兄 - S01E04 - 第4集 1080p WEB-DL .mp4 创建软链完成
2023-10-19 02:27:29.229603 - INFO - /media/cd2/manhua/百炼成神 (2022)/Season 1/百炼成神 - S01E49 - 第49集 1080p WEB-DL .mp4 创建软链完成
2023-10-19 02:27:29.229821 - INFO - /media/cd2/manhua/百炼成神 (2022)/Season 1/百炼成神 - S01E49 - 第49集 2160p WEB-DL .mp4 创建软链完成
2023-10-19 02:27:29.497559 - INFO - /media/cd2/manhua/百炼飞升录 (2023)/Season 1/百炼飞升录 - S01E58 - 第58集 1080p WEB-DL .mp4 创建软链完成
2023-10-19 02:27:30.107369 - INFO - /media/cd2/manhua/神印王座 (2022)/Season 1/神印王座 - S01E74 - 第74集.mp4 创建软链完成
2023-10-19 02:27:30.363804 - INFO - /media/cd2/manhua/神澜奇域无双珠 (2022)/Season 3/神澜奇域无双珠 - S03E14 - 第14集 1080p WEB-DL .mp4 创建软链完成
2023-10-19 02:27:30.624339 - INFO - /media/cd2/manhua/第一序列 (2023)/Season 1/第一序列 - S01E11 - 第11集 2160p H.264 .mp4 创建软链完成
2023-10-19 02:27:30.889946 - INFO - /media/cd2/manhua/绝世武魂 (2020)/Season 1/绝世武魂 - S01E310 - 第310集 1080p WEB-DL .mp4 创建软链完成
2023-10-19 02:27:31.183547 - INFO - /media/cd2/manhua/逆天至尊 (2021)/Season 1/逆天至尊 - S01E237 - 第237集 1080p WEB-DL .mp4 创建软链完成
2023-10-19 02:27:31.183724 - INFO - /media/cd2/manhua/逆天至尊 (2021)/Season 1/逆天至尊 - S01E238 - 第238集 1080p WEB-DL .mp4 创建软链完成
2023-10-19 02:27:31.467057 - INFO - /media/cd2/manhua/逆天邪神 (2023)/Season 1/逆天邪神 - S01E05 - 第5集 1080p WEB-DL .mp4 创建软链完成
2023-10-19 02:27:31.808916 - INFO - /media/cd2/manhua/雪王驾到 (2023)/Season 1/雪王驾到 - S01E08 - 第8集 2160p WEB-DL .mp4 创建软链完成
2023-10-19 02:27:31.809014 - INFO - /media/cd2/manhua/雪王驾到 (2023)/Season 1/雪王驾到 - S01E09 - 第9集 1080p WEB-DL .mp4 创建软链完成
2023-10-19 02:27:31.809202 - INFO - /media/cd2/manhua/雪王驾到 (2023)/Season 1/雪王驾到 - S01E08 - 第8集 1080p WEB-DL .mp4 创建软链完成
2023-10-19 02:27:32.061689 - INFO - /media/cd2/manhua/龙时代 (2023)/Season 1/龙时代 - S01E12 - 第12集 1080p WEB-DL .mp4 创建软链完成
2023-10-19 02:27:32.061778 - INFO - /media/cd2/manhua/龙时代 (2023)/Season 1/龙时代 - S01E12 - 第12集.mp4 创建软链完成
2023-10-19 02:27:32.061838 - INFO - /media/cd2/manhua/龙时代 (2023)/Season 1/龙时代 - S01E13 - 第13集 1080p WEB-DL .mp4 创建软链完成
2023-10-19 02:30:06.045731 - INFO - /media/本地/万界独尊 (2021)/Season 2/万界独尊 - S02E110 - 第110集 2160p WEB-DL .mp4 已存在
2023-10-19 02:30:06.046992 - INFO - /media/本地/万界独尊 (2021)/Season 2/万界独尊 - S02E121 - 第121集 1080p WEB-DL .mp4 已存在
2023-10-19 02:30:06.047075 - INFO - /media/本地/万界独尊 (2021)/Season 2/万界独尊 - S02E112 - 第112集 1080p WEB-DL .mp4 已存在
2023-10-19 02:30:06.047137 - INFO - /media/本地/万界独尊 (2021)/Season 2/万界独尊 - S02E121 - 第121集 2160p WEB-DL .mp4 已存在
2023-10-19 02:30:06.304416 - INFO - /media/本地/五行战神 (2023)/Season 1/五行战神 - S01E34 - 第34集 1080p WEB-DL .mp4 已存在
2023-10-19 02:30:06.304510 - INFO - /media/本地/五行战神 (2023)/Season 1/五行战神 - S01E33 - 第33集 1080p WEB-DL .mp4 已存在
2023-10-19 02:30:06.556407 - INFO - /media/本地/修罗武神 (2023)/Season 1/修罗武神 - S01E03 - 第3集 1080p WEB-DL .mp4 已存在
2023-10-19 02:30:06.792040 - INFO - /media/本地/剑骨 (2023)/Season 1/剑骨 - S01E34 - 第34集 1080p WEB-DL .mp4 已存在
2023-10-19 02:30:07.042520 - INFO - /media/本地/大主宰年番 (2023)/Season 1/大主宰年番 - S01E16 - 第16集 1080p WEB-DL .mp4 已存在
2023-10-19 02:30:07.042608 - INFO - /media/本地/大主宰年番 (2023)/Season 1/大主宰年番 - S01E16 - 第16集 2160p WEB-DL .mp4 已存在
2023-10-19 02:30:07.293222 - INFO - /media/本地/异空战歌 (2023)/Season 1/异空战歌 - S01E07 - 第7集 2160p H.264 .mp4 已存在
2023-10-19 02:30:07.538662 - INFO - /media/本地/怪兽小馆 (2023)/Season 1/怪兽小馆 - S01E12 - 第12集 2160p H.264 .mp4 已存在
2023-10-19 02:30:07.790960 - INFO - /media/本地/斗罗大陆2：绝世唐门 (2023)/Season 2/斗罗大陆2：绝世唐门 - S02E17 - 第17集 1080p WEB-DL .mp4 已存在
2023-10-19 02:30:07.791101 - INFO - /media/本地/斗罗大陆2：绝世唐门 (2023)/Season 2/斗罗大陆2：绝世唐门 - S02E17 - 第17集 2160p WEB-DL .mp4 已存在
2023-10-19 02:30:08.041657 - INFO - /media/本地/无脑魔女 (2023)/Season 1/无脑魔女 - S01E14 - 第14集 1080p WEB-DL .mkv 已存在
2023-10-19 02:30:08.041786 - INFO - /media/本地/无脑魔女 (2023)/Season 1/无脑魔女 - S01E13 - 第13集 2160p H.264 .mp4 已存在
2023-10-19 02:30:08.041925 - INFO - /media/本地/无脑魔女 (2023)/Season 1/无脑魔女 - S01E15 - 第15集 1080p WEB-DL .mkv 已存在
2023-10-19 02:30:08.295502 - INFO - /media/本地/杀手古德 (2023)/Season 1/杀手古德 - S01E20 - 第20集.mp4 已存在
2023-10-19 02:30:08.865833 - INFO - /media/本地/武神主宰 (2020)/Season 1/武神主宰 - S01E372 - 第372集 1080p WEB-DL .mp4 已存在
2023-10-19 02:30:08.865984 - INFO - /media/本地/武神主宰 (2020)/Season 1/武神主宰 - S01E373 - 第373集 1080p WEB-DL .mp4 已存在
2023-10-19 02:30:09.428268 - INFO - /media/本地/沧元图 (2023)/Season 1/沧元图 - S01E16 - 第16集.mp4 已存在
2023-10-19 02:30:09.668801 - INFO - /media/本地/炼气十万年 (2023)/Season 1/炼气十万年 - S01E69 - 第69集 1080p WEB-DL .mp4 已存在
2023-10-19 02:30:09.920471 - INFO - /media/本地/独步逍遥 (2020)/Season 1/独步逍遥 - S01E351 - 第351集.mp4 已存在
2023-10-19 02:30:09.920542 - INFO - /media/本地/独步逍遥 (2020)/Season 1/独步逍遥 - S01E352 - 第352集 1080p WEB-DL .mp4 已存在
2023-10-19 02:30:10.172359 - INFO - /media/本地/王者大师兄 (2023)/Season 1/王者大师兄 - S01E04 - 第4集 1080p WEB-DL .mp4 已存在
2023-10-19 02:30:10.426896 - INFO - /media/本地/百炼成神 (2022)/Season 1/百炼成神 - S01E49 - 第49集 2160p WEB-DL .mp4 已存在
2023-10-19 02:30:10.427057 - INFO - /media/本地/百炼成神 (2022)/Season 1/百炼成神 - S01E49 - 第49集 1080p WEB-DL .mp4 已存在
2023-10-19 02:30:10.685372 - INFO - /media/本地/百炼飞升录 (2023)/Season 1/百炼飞升录 - S01E58 - 第58集 1080p WEB-DL .mp4 已存在
2023-10-19 02:30:11.223854 - INFO - /media/本地/神印王座 (2022)/Season 1/神印王座 - S01E74 - 第74集.mp4 已存在
2023-10-19 02:30:11.785542 - INFO - /media/本地/神澜奇域无双珠 (2022)/Season 3/神澜奇域无双珠 - S03E14 - 第14集 1080p WEB-DL .mp4 已存在
2023-10-19 02:30:12.036756 - INFO - /media/本地/第一序列 (2023)/Season 1/第一序列 - S01E11 - 第11集 2160p H.264 .mp4 已存在
2023-10-19 02:30:12.273440 - INFO - /media/本地/绝世武魂 (2020)/Season 1/绝世武魂 - S01E310 - 第310集 1080p WEB-DL .mp4 已存在
2023-10-19 02:30:12.524100 - INFO - /media/本地/逆天至尊 (2021)/Season 1/逆天至尊 - S01E237 - 第237集 1080p WEB-DL .mp4 已存在
2023-10-19 02:30:12.524349 - INFO - /media/本地/逆天至尊 (2021)/Season 1/逆天至尊 - S01E238 - 第238集 1080p WEB-DL .mp4 已存在
2023-10-19 02:30:12.783327 - INFO - /media/本地/逆天邪神 (2023)/Season 1/逆天邪神 - S01E05 - 第5集 1080p WEB-DL .mp4 已存在
2023-10-19 02:30:13.348361 - INFO - /media/本地/雪王驾到 (2023)/Season 1/雪王驾到 - S01E08 - 第8集 1080p WEB-DL .mp4 已存在
2023-10-19 02:30:13.348802 - INFO - /media/本地/雪王驾到 (2023)/Season 1/雪王驾到 - S01E09 - 第9集 1080p WEB-DL .mp4 已存在
2023-10-19 02:30:13.348927 - INFO - /media/本地/雪王驾到 (2023)/Season 1/雪王驾到 - S01E08 - 第8集 2160p WEB-DL .mp4 已存在
2023-10-19 02:30:13.594775 - INFO - /media/本地/龙时代 (2023)/Season 1/龙时代 - S01E12 - 第12集 1080p WEB-DL .mp4 已存在
2023-10-19 02:30:13.595043 - INFO - /media/本地/龙时代 (2023)/Season 1/龙时代 - S01E12 - 第12集.mp4 已存在
2023-10-19 02:30:13.595176 - INFO - /media/本地/龙时代 (2023)/Season 1/龙时代 - S01E13 - 第13集 1080p WEB-DL .mp4 已存在
